
      Event Name: at EngineProcessDisplayHolderScreens (file:///C:/Users/yakov/Desktop/OSS/components/technician.js:80:23)
      Location: at HTMLLIElement.<anonymous> (file:///C:/Users/yakov/Desktop/OSS/components/technician.js:28:9)
      Timestamp: 2.10.2023, 14:28:32
      Event Type: Failure
      Event: ReferenceError
      Error: getitemsTech is not defined
    
      Event Name: at EngineProcessDisplayHolderScreens (file:///C:/Users/yakov/Desktop/OSS/components/technician.js:80:23)
      Location: at HTMLLIElement.<anonymous> (file:///C:/Users/yakov/Desktop/OSS/components/technician.js:28:9)
      Timestamp: 2.10.2023, 14:28:41
      Event Type: Failure
      Event: ReferenceError
      Error: getitemsTech is not defined
    
      Event Name: at EngineProcessDisplayHolderScreens (file:///C:/Users/yakov/Desktop/OSS/components/technician.js:80:23)
      Location: at HTMLLIElement.<anonymous> (file:///C:/Users/yakov/Desktop/OSS/components/technician.js:28:9)
      Timestamp: 2.10.2023, 14:36:43
      Event Type: Failure
      Event: ReferenceError
      Error: getitemsTech is not defined
    
      Event Name: at createNewTableDataDetails (file:///C:/Users/yakov/Desktop/OSS/components/technician.js:420:5)
      Location: at EventTableCard (file:///C:/Users/yakov/Desktop/OSS/components/technician.js:186:5)
      Timestamp: 2.10.2023, 19:11:48
      Event Type: Failure
      Event: ReferenceError
      Error: ReHeaders is not defined
    
      Event Name: at file:///C:/Users/yakov/Desktop/OSS/components/technician.js:422:7
      Location: at Array.forEach (<anonymous>)
      Timestamp: 3.10.2023, 9:51:35
      Event Type: Failure
      Event: ReferenceError
      Error: eventData is not defined
    
      Event Name: at file:///C:/Users/yakov/Desktop/OSS/components/technician.js:422:7
      Location: at Array.forEach (<anonymous>)
      Timestamp: 3.10.2023, 9:51:49
      Event Type: Failure
      Event: ReferenceError
      Error: eventData is not defined
    
      Event Name: at file:///C:/Users/yakov/Desktop/OSS/components/technician.js:422:7
      Location: at Array.forEach (<anonymous>)
      Timestamp: 3.10.2023, 9:52:15
      Event Type: Failure
      Event: ReferenceError
      Error: eventData is not defined
    
      Event Name: at file:///C:/Users/yakov/Desktop/OSS/components/technician.js:422:7
      Location: at Array.forEach (<anonymous>)
      Timestamp: 3.10.2023, 9:56:03
      Event Type: Failure
      Event: ReferenceError
      Error: eventData is not defined
    
      Event Name: at file:///C:/Users/yakov/Desktop/OSS/components/technician.js:422:7
      Location: at Array.forEach (<anonymous>)
      Timestamp: 3.10.2023, 10:03:16
      Event Type: Failure
      Event: ReferenceError
      Error: eventData is not defined
    
      Event Name: at file:///C:/Users/yakov/Desktop/OSS/components/technician.js:422:7
      Location: at Array.forEach (<anonymous>)
      Timestamp: 3.10.2023, 10:03:27
      Event Type: Failure
      Event: ReferenceError
      Error: eventData is not defined
    
      Event Name: at file:///C:/Users/yakov/Desktop/OSS/components/technician.js:422:7
      Location: at Array.forEach (<anonymous>)
      Timestamp: 3.10.2023, 10:14:17
      Event Type: Failure
      Event: ReferenceError
      Error: eventData is not defined
    
      Event Name: at file:///C:/Users/yakov/Desktop/OSS/components/technician.js:422:7
      Location: at Array.forEach (<anonymous>)
      Timestamp: 3.10.2023, 10:14:34
      Event Type: Failure
      Event: ReferenceError
      Error: eventData is not defined
    
      Event Name: at file:///C:/Users/yakov/Desktop/OSS/components/technician.js:422:7
      Location: at Array.forEach (<anonymous>)
      Timestamp: 3.10.2023, 10:14:51
      Event Type: Failure
      Event: ReferenceError
      Error: eventData is not defined
    
      Event Name: at file:///C:/Users/yakov/Desktop/OSS/components/technician.js:422:7
      Location: at Array.forEach (<anonymous>)
      Timestamp: 3.10.2023, 10:16:06
      Event Type: Failure
      Event: ReferenceError
      Error: eventData is not defined
    
      Event Name: at file:///C:/Users/yakov/Desktop/OSS/components/technician.js:422:7
      Location: at Array.forEach (<anonymous>)
      Timestamp: 3.10.2023, 10:26:21
      Event Type: Failure
      Event: ReferenceError
      Error: eventData is not defined
    
      Event Name: at file:///C:/Users/yakov/Desktop/OSS/components/technician.js:422:7
      Location: at Array.forEach (<anonymous>)
      Timestamp: 3.10.2023, 10:27:34
      Event Type: Failure
      Event: ReferenceError
      Error: eventData is not defined
    
      Event Name: at file:///C:/Users/yakov/Desktop/OSS/components/technician.js:422:7
      Location: at Array.forEach (<anonymous>)
      Timestamp: 3.10.2023, 10:30:11
      Event Type: Failure
      Event: ReferenceError
      Error: eventData is not defined
    
      Event Name: at createNewTableDataDetails (file:///C:/Users/yakov/Desktop/OSS/components/technician.js:401:39)
      Location: at EventTableCard (file:///C:/Users/yakov/Desktop/OSS/components/technician.js:188:5)
      Timestamp: 3.10.2023, 10:49:22
      Event Type: Failure
      Event: ReferenceError
      Error: row is not defined
    
      Event Name: at createNewTableDataDetails (file:///C:/Users/yakov/Desktop/OSS/components/technician.js:401:39)
      Location: at EventTableCard (file:///C:/Users/yakov/Desktop/OSS/components/technician.js:188:5)
      Timestamp: 3.10.2023, 10:49:56
      Event Type: Failure
      Event: ReferenceError
      Error: row is not defined
    
      Event Name: at createNewTableDataDetails (file:///C:/Users/yakov/Desktop/OSS/components/technician.js:400:39)
      Location: at EventTableCard (file:///C:/Users/yakov/Desktop/OSS/components/technician.js:188:5)
      Timestamp: 3.10.2023, 10:50:14
      Event Type: Failure
      Event: ReferenceError
      Error: row is not defined
    
      Event Name: at createNewTableData (file:///C:/Users/yakov/Desktop/OSS/components/technician.js:465:39)
      Location: at EventTableCard (file:///C:/Users/yakov/Desktop/OSS/components/technician.js:188:5)
      Timestamp: 3.10.2023, 11:06:34
      Event Type: Failure
      Event: ReferenceError
      Error: row is not defined
    
      Event Name: at createNewTableData (file:///C:/Users/yakov/Desktop/OSS/components/technician.js:399:39)
      Location: at EventTableCard (file:///C:/Users/yakov/Desktop/OSS/components/technician.js:188:5)
      Timestamp: 3.10.2023, 11:08:51
      Event Type: Failure
      Event: ReferenceError
      Error: row is not defined
    
      Event Name: at createNewTableData (file:///C:/Users/yakov/Desktop/OSS/components/technician.js:401:39)
      Location: at EventTableCard (file:///C:/Users/yakov/Desktop/OSS/components/technician.js:188:5)
      Timestamp: 3.10.2023, 11:09:09
      Event Type: Failure
      Event: ReferenceError
      Error: row is not defined
    
      Event Name: at createNewTableDataDetails (file:///C:/Users/yakov/Desktop/OSS/components/technician.js:401:39)
      Location: at EventTableCard (file:///C:/Users/yakov/Desktop/OSS/components/technician.js:188:5)
      Timestamp: 3.10.2023, 11:09:23
      Event Type: Failure
      Event: ReferenceError
      Error: row is not defined
    
      Event Name: at createNewTableDataDetails (file:///C:/Users/yakov/Desktop/OSS/components/technician.js:402:17)
      Location: at EventTableCard (file:///C:/Users/yakov/Desktop/OSS/components/technician.js:188:5)
      Timestamp: 3.10.2023, 11:09:43
      Event Type: Failure
      Event: ReferenceError
      Error: seletedTableDataContainer is not defined
    
      Event Name: at createNewTableDataDetails (file:///C:/Users/yakov/Desktop/OSS/components/technician.js:402:17)
      Location: at EventTableCard (file:///C:/Users/yakov/Desktop/OSS/components/technician.js:188:5)
      Timestamp: 3.10.2023, 11:09:48
      Event Type: Failure
      Event: ReferenceError
      Error: seletedTableDataContainer is not defined
    
      Event Name: at createNewTableDataDetails (file:///C:/Users/yakov/Desktop/OSS/components/technician.js:402:17)
      Location: at EventTableCard (file:///C:/Users/yakov/Desktop/OSS/components/technician.js:188:5)
      Timestamp: 3.10.2023, 11:14:31
      Event Type: Failure
      Event: ReferenceError
      Error: seletedTableDataContainer is not defined
    
      Event Name: at createNewTableDataDetails (file:///C:/Users/yakov/Desktop/OSS/components/technician.js:404:17)
      Location: at EventTableCard (file:///C:/Users/yakov/Desktop/OSS/components/technician.js:188:5)
      Timestamp: 3.10.2023, 11:18:32
      Event Type: Failure
      Event: ReferenceError
      Error: seletedTableDataContainer is not defined
    
      Event Name: at createNewTableDataDetails (file:///C:/Users/yakov/Desktop/OSS/components/technician.js:400:17)
      Location: at EventTableCard (file:///C:/Users/yakov/Desktop/OSS/components/technician.js:188:5)
      Timestamp: 3.10.2023, 11:19:56
      Event Type: Failure
      Event: ReferenceError
      Error: seletedTableDataContainer is not defined
    
      Event Name: at createNewTableDataDetails (file:///C:/Users/yakov/Desktop/OSS/components/technician.js:400:17)
      Location: at EventTableCard (file:///C:/Users/yakov/Desktop/OSS/components/technician.js:188:5)
      Timestamp: 3.10.2023, 11:19:59
      Event Type: Failure
      Event: ReferenceError
      Error: seletedTableDataContainer is not defined
    
      Event Name: at createNewTableDataDetails (file:///C:/Users/yakov/Desktop/OSS/components/technician.js:400:17)
      Location: at EventTableCard (file:///C:/Users/yakov/Desktop/OSS/components/technician.js:188:5)
      Timestamp: 3.10.2023, 11:20:00
      Event Type: Failure
      Event: ReferenceError
      Error: seletedTableDataContainer is not defined
    
      Event Name: at file:///C:/Users/yakov/Desktop/OSS/components/technician.js:421:5
      Location: at Array.forEach (<anonymous>)
      Timestamp: 3.10.2023, 11:20:53
      Event Type: Failure
      Event: ReferenceError
      Error: eventData is not defined
    
      Event Name: at PromisePoolConnection.query (C:\Users\yakov\Desktop\OSS\node_modules\mysql2\promise.js:94:22)
      Location: at executeQuery (C:\Users\yakov\Desktop\OSS\database.js:13:31)
      Timestamp: 5.10.2023, 9:46:40
      Event Type: Failure
      Event: Error
      Error: You have an error in your SQL syntax; check the manual that corresponds to your MariaDB server version for the right syntax to use near 'WHERE o.order_ID = 1' at line 13
    
      Event Name: at PromisePoolConnection.query (C:\Users\yakov\Desktop\OSS\node_modules\mysql2\promise.js:94:22)
      Location: at executeQuery (C:\Users\yakov\Desktop\OSS\database.js:13:31)
      Timestamp: 5.10.2023, 9:47:10
      Event Type: Failure
      Event: Error
      Error: You have an error in your SQL syntax; check the manual that corresponds to your MariaDB server version for the right syntax to use near 'WHERE o.order_ID = 1' at line 13
    
      Event Name: GROUP_CONCAT...' at line 5
      Location: at PromisePoolConnection.query (C:\Users\yakov\Desktop\OSS\node_modules\mysql2\promise.js:94:22)
      Timestamp: 5.10.2023, 10:30:06
      Event Type: Failure
      Event: Error
      Error: You have an error in your SQL syntax; check the manual that corresponds to your MariaDB server version for the right syntax to use near 'GROUP_CONCAT(i.name ORDER BY oi.item_ID ASC) AS item_name,
      GROUP_CONCAT...' at line 5
    
      Event Name: GROUP_CONCAT...' at line 5
      Location: at PromisePoolConnection.query (C:\Users\yakov\Desktop\OSS\node_modules\mysql2\promise.js:94:22)
      Timestamp: 5.10.2023, 10:30:09
      Event Type: Failure
      Event: Error
      Error: You have an error in your SQL syntax; check the manual that corresponds to your MariaDB server version for the right syntax to use near 'GROUP_CONCAT(i.name ORDER BY oi.item_ID ASC) AS item_name,
      GROUP_CONCAT...' at line 5
    
      Event Name: at PromisePoolConnection.query (C:\Users\yakov\Desktop\OSS\node_modules\mysql2\promise.js:94:22)
      Location: at executeQuery (C:\Users\yakov\Desktop\OSS\database.js:13:31)
      Timestamp: 5.10.2023, 13:50:04
      Event Type: Failure
      Event: Error
      Error: You have an error in your SQL syntax; check the manual that corresponds to your MariaDB server version for the right syntax to use near ' '2', '3', '6' AND order_ID = 1' at line 2
    
      Event Name: at PromisePoolConnection.query (C:\Users\yakov\Desktop\OSS\node_modules\mysql2\promise.js:94:22)
      Location: at executeQuery (C:\Users\yakov\Desktop\OSS\database.js:13:31)
      Timestamp: 5.10.2023, 13:50:34
      Event Type: Failure
      Event: Error
      Error: You have an error in your SQL syntax; check the manual that corresponds to your MariaDB server version for the right syntax to use near ' '2', '3', '6' AND order_ID = 1' at line 2
    
      Event Name: at PromisePoolConnection.query (C:\Users\yakov\Desktop\OSS\node_modules\mysql2\promise.js:94:22)
      Location: at executeQuery (C:\Users\yakov\Desktop\OSS\database.js:13:31)
      Timestamp: 5.10.2023, 13:51:46
      Event Type: Failure
      Event: Error
      Error: You have an error in your SQL syntax; check the manual that corresponds to your MariaDB server version for the right syntax to use near ' '2', '3', '6' AND order_ID = 1' at line 2
    
      Event Name: at Function.keys (<anonymous>)
      Location: at createTable (file:///C:/Users/yakov/Desktop/OSS/components/technician.js:202:36)
      Timestamp: 5.10.2023, 23:17:43
      Event Type: Failure
      Event: TypeError
      Error: Cannot convert undefined or null to object
    
      Event Name: at Function.keys (<anonymous>)
      Location: at createTable (file:///C:/Users/yakov/Desktop/OSS/components/technician.js:202:36)
      Timestamp: 5.10.2023, 23:19:21
      Event Type: Failure
      Event: TypeError
      Error: Cannot convert undefined or null to object
    
      Event Name: at createSelectedDataCombination (file:///C:/Users/yakov/Desktop/OSS/components/technician.js:155:33)
      Location: at process.processTicksAndRejections (node:internal/process/task_queues:95:5)
      Timestamp: 5.10.2023, 23:19:33
      Event Type: Failure
      Event: TypeError
      Error: Failed to execute 'appendChild' on 'Node': parameter 1 is not of type 'Node'.
    
      Event Name: at Function.keys (<anonymous>)
      Location: at createTable (file:///C:/Users/yakov/Desktop/OSS/components/technician.js:204:36)
      Timestamp: 5.10.2023, 23:20:07
      Event Type: Failure
      Event: TypeError
      Error: Cannot convert undefined or null to object
    
      Event Name: at Function.keys (<anonymous>)
      Location: at createTable (file:///C:/Users/yakov/Desktop/OSS/components/technician.js:204:36)
      Timestamp: 5.10.2023, 23:20:28
      Event Type: Failure
      Event: TypeError
      Error: Cannot convert undefined or null to object
    
      Event Name: at createSelectedDataCombination (file:///C:/Users/yakov/Desktop/OSS/components/technician.js:157:33)
      Location: at process.processTicksAndRejections (node:internal/process/task_queues:95:5)
      Timestamp: 5.10.2023, 23:20:40
      Event Type: Failure
      Event: TypeError
      Error: Failed to execute 'appendChild' on 'Node': parameter 1 is not of type 'Node'.
    
      Event Name: at Function.keys (<anonymous>)
      Location: at createTable (file:///C:/Users/yakov/Desktop/OSS/components/technician.js:206:36)
      Timestamp: 5.10.2023, 23:20:52
      Event Type: Failure
      Event: TypeError
      Error: Cannot convert undefined or null to object
    
      Event Name: at Function.keys (<anonymous>)
      Location: at createTable (file:///C:/Users/yakov/Desktop/OSS/components/technician.js:206:36)
      Timestamp: 5.10.2023, 23:22:20
      Event Type: Failure
      Event: TypeError
      Error: Cannot convert undefined or null to object
    
      Event Name: at EventTableCard (file:///C:/Users/yakov/Desktop/OSS/components/technician.js:393:33)
      Location: at EngineProcessDisplayHolderScreens (file:///C:/Users/yakov/Desktop/OSS/components/technician.js:312:9)
      Timestamp: 6.10.2023, 0:50:15
      Event Type: Failure
      Event: ReferenceError
      Error: data is not defined
    
      Event Name: at EventTableCard (file:///C:/Users/yakov/Desktop/OSS/components/technician.js:393:33)
      Location: at EngineProcessDisplayHolderScreens (file:///C:/Users/yakov/Desktop/OSS/components/technician.js:316:9)
      Timestamp: 6.10.2023, 0:50:17
      Event Type: Failure
      Event: ReferenceError
      Error: data is not defined
    